  [1m[35m (6.7ms)[0m  [1m[34mSELECT "schema_migrations"."version" FROM "schema_migrations" ORDER BY "schema_migrations"."version" ASC[0m
  [1m[35m (17.5ms)[0m  [1m[34mSELECT "ar_internal_metadata"."value" FROM "ar_internal_metadata" WHERE "ar_internal_metadata"."key" = $1[0m  [["key", "environment"]]
  [1m[35m (0.5ms)[0m  [1m[34mSELECT "schema_migrations"."version" FROM "schema_migrations" ORDER BY "schema_migrations"."version" ASC[0m
  [1m[35m (0.4ms)[0m  [1m[34mSELECT "ar_internal_metadata"."value" FROM "ar_internal_metadata" WHERE "ar_internal_metadata"."key" = $1[0m  [["key", "environment"]]
  [1m[35m (0.5ms)[0m  [1m[34mSELECT "schema_migrations"."version" FROM "schema_migrations" ORDER BY "schema_migrations"."version" ASC[0m
  [1m[35m (0.4ms)[0m  [1m[34mSELECT "ar_internal_metadata"."value" FROM "ar_internal_metadata" WHERE "ar_internal_metadata"."key" = $1[0m  [["key", "environment"]]
  [1m[35mSQL (16.3ms)[0m  [1m[35mCREATE EXTENSION IF NOT EXISTS "plpgsql"[0m
  [1m[35m (74.1ms)[0m  [1m[35mDROP TABLE IF EXISTS "gifs" CASCADE[0m
  [1m[35m (42.3ms)[0m  [1m[35mCREATE TABLE "gifs" ("id" bigserial primary key, "title" character varying, "url" character varying)[0m
  [1m[35m (1.1ms)[0m  [1m[34mSELECT "schema_migrations"."version" FROM "schema_migrations" ORDER BY "schema_migrations"."version" ASC[0m
  [1m[36mActiveRecord::InternalMetadata Load (3.6ms)[0m  [1m[34mSELECT  "ar_internal_metadata".* FROM "ar_internal_metadata" WHERE "ar_internal_metadata"."key" = $1 LIMIT $2[0m  [["key", "environment"], ["LIMIT", 1]]
  [1m[35m (0.4ms)[0m  [1m[35mBEGIN[0m
  [1m[35m (0.2ms)[0m  [1m[35mCOMMIT[0m
  [1m[36mActiveRecord::InternalMetadata Load (0.3ms)[0m  [1m[34mSELECT  "ar_internal_metadata".* FROM "ar_internal_metadata" WHERE "ar_internal_metadata"."key" = $1 LIMIT $2[0m  [["key", "environment"], ["LIMIT", 1]]
  [1m[35m (0.1ms)[0m  [1m[35mBEGIN[0m
  [1m[35m (0.2ms)[0m  [1m[35mCOMMIT[0m
  [1m[35mSQL (2.3ms)[0m  [1m[35mCREATE EXTENSION IF NOT EXISTS "plpgsql"[0m
  [1m[35m (44.1ms)[0m  [1m[35mDROP TABLE IF EXISTS "gifs" CASCADE[0m
  [1m[35m (50.2ms)[0m  [1m[35mCREATE TABLE "gifs" ("id" bigserial primary key, "title" character varying, "url" character varying)[0m
  [1m[35m (11.8ms)[0m  [1m[34mSELECT "schema_migrations"."version" FROM "schema_migrations" ORDER BY "schema_migrations"."version" ASC[0m
  [1m[36mActiveRecord::InternalMetadata Load (2.3ms)[0m  [1m[34mSELECT  "ar_internal_metadata".* FROM "ar_internal_metadata" WHERE "ar_internal_metadata"."key" = $1 LIMIT $2[0m  [["key", "environment"], ["LIMIT", 1]]
  [1m[35m (0.2ms)[0m  [1m[35mBEGIN[0m
  [1m[35mSQL (3.3ms)[0m  [1m[33mUPDATE "ar_internal_metadata" SET "value" = $1, "updated_at" = $2 WHERE "ar_internal_metadata"."key" = $3[0m  [["value", "development"], ["updated_at", "2018-09-26 17:20:25.955223"], ["key", "environment"]]
  [1m[35m (1.7ms)[0m  [1m[35mCOMMIT[0m
  [1m[36mActiveRecord::InternalMetadata Load (0.3ms)[0m  [1m[34mSELECT  "ar_internal_metadata".* FROM "ar_internal_metadata" WHERE "ar_internal_metadata"."key" = $1 LIMIT $2[0m  [["key", "environment"], ["LIMIT", 1]]
  [1m[35m (0.1ms)[0m  [1m[35mBEGIN[0m
  [1m[35mSQL (0.9ms)[0m  [1m[33mUPDATE "ar_internal_metadata" SET "value" = $1, "updated_at" = $2 WHERE "ar_internal_metadata"."key" = $3[0m  [["value", "test"], ["updated_at", "2018-09-26 17:20:25.967002"], ["key", "environment"]]
  [1m[35m (1.6ms)[0m  [1m[35mCOMMIT[0m
  [1m[35m (1.2ms)[0m  [1m[34mSELECT "schema_migrations"."version" FROM "schema_migrations" ORDER BY "schema_migrations"."version" ASC[0m
Started GET "/" for 127.0.0.1 at 2018-09-26 10:20:38 -0700
  [1m[35m (1.6ms)[0m  [1m[34mSELECT "schema_migrations"."version" FROM "schema_migrations" ORDER BY "schema_migrations"."version" ASC[0m
Processing by StaticPagesController#root as HTML
  Rendering static_pages/root.html.erb within layouts/application
  Rendered static_pages/root.html.erb within layouts/application (3.4ms)
Completed 200 OK in 1222ms (Views: 1203.3ms | ActiveRecord: 0.0ms)


Started GET "/" for 127.0.0.1 at 2018-09-26 10:22:15 -0700
Processing by StaticPagesController#root as HTML
  Rendering static_pages/root.html.erb within layouts/application
  Rendered static_pages/root.html.erb within layouts/application (0.9ms)
Completed 200 OK in 163ms (Views: 156.7ms | ActiveRecord: 0.0ms)


Started GET "/" for 127.0.0.1 at 2018-09-26 10:28:42 -0700
Processing by StaticPagesController#root as HTML
  Rendering static_pages/root.html.erb within layouts/application
  Rendered static_pages/root.html.erb within layouts/application (0.6ms)
Completed 200 OK in 169ms (Views: 164.6ms | ActiveRecord: 0.0ms)


Started GET "/" for 127.0.0.1 at 2018-09-26 10:32:55 -0700
Processing by StaticPagesController#root as HTML
  Rendering static_pages/root.html.erb within layouts/application
  Rendered static_pages/root.html.erb within layouts/application (1.1ms)
Completed 200 OK in 96ms (Views: 81.2ms | ActiveRecord: 0.0ms)


Started GET "/" for 127.0.0.1 at 2018-09-26 10:34:23 -0700
Processing by StaticPagesController#root as HTML
  Rendering static_pages/root.html.erb within layouts/application
  Rendered static_pages/root.html.erb within layouts/application (0.8ms)
Completed 200 OK in 131ms (Views: 128.1ms | ActiveRecord: 0.0ms)


Started GET "/" for 127.0.0.1 at 2018-09-26 10:37:48 -0700
Processing by StaticPagesController#root as HTML
  Rendering static_pages/root.html.erb within layouts/application
  Rendered static_pages/root.html.erb within layouts/application (0.5ms)
Completed 200 OK in 107ms (Views: 104.6ms | ActiveRecord: 0.0ms)


Started GET "/" for 127.0.0.1 at 2018-09-26 10:44:34 -0700
Processing by StaticPagesController#root as HTML
  Rendering static_pages/root.html.erb within layouts/application
  Rendered static_pages/root.html.erb within layouts/application (0.8ms)
Completed 200 OK in 137ms (Views: 133.1ms | ActiveRecord: 0.0ms)


Started POST "/gifs" for 127.0.0.1 at 2018-09-26 10:45:18 -0700
Processing by GifsController#create as JSON
  Parameters: {"gif"=>{"title"=>"what", "url"=>"https://media0.giphy.com/media/10B8zX7lmxNsgE/giphy.gif"}}
  [1m[35m (0.2ms)[0m  [1m[35mBEGIN[0m
  [1m[36mGif Exists (3.8ms)[0m  [1m[34mSELECT  1 AS one FROM "gifs" WHERE "gifs"."title" = $1 LIMIT $2[0m  [["title", "what"], ["LIMIT", 1]]
  [1m[35mSQL (13.1ms)[0m  [1m[32mINSERT INTO "gifs" ("title", "url") VALUES ($1, $2) RETURNING "id"[0m  [["title", "what"], ["url", "https://media0.giphy.com/media/10B8zX7lmxNsgE/giphy.gif"]]
  [1m[35m (1.5ms)[0m  [1m[35mCOMMIT[0m
Completed 200 OK in 91ms (Views: 0.6ms | ActiveRecord: 65.9ms)


  [1m[36mGif Load (0.7ms)[0m  [1m[34mSELECT "gifs".* FROM "gifs"[0m
Started POST "/gifs" for 127.0.0.1 at 2018-09-26 10:47:42 -0700
Processing by GifsController#create as JSON
  Parameters: {"gif"=>{"title"=>"", "url"=>"https://media2.giphy.com/media/10560SIp8Xqn28/giphy.gif"}}
  [1m[35m (0.2ms)[0m  [1m[35mBEGIN[0m
  [1m[36mGif Exists (0.5ms)[0m  [1m[34mSELECT  1 AS one FROM "gifs" WHERE "gifs"."title" = $1 LIMIT $2[0m  [["title", ""], ["LIMIT", 1]]
  [1m[35mSQL (0.4ms)[0m  [1m[32mINSERT INTO "gifs" ("title", "url") VALUES ($1, $2) RETURNING "id"[0m  [["title", ""], ["url", "https://media2.giphy.com/media/10560SIp8Xqn28/giphy.gif"]]
  [1m[35m (5.9ms)[0m  [1m[35mCOMMIT[0m
Completed 200 OK in 13ms (Views: 0.4ms | ActiveRecord: 7.0ms)


  [1m[36mGif Load (0.6ms)[0m  [1m[34mSELECT "gifs".* FROM "gifs"[0m
Started POST "/gifs" for 127.0.0.1 at 2018-09-26 10:48:09 -0700
Processing by GifsController#create as JSON
  Parameters: {"gif"=>{"title"=>"", "url"=>"https://media2.giphy.com/media/10560SIp8Xqn28/giphy.gif"}}
  [1m[35m (0.2ms)[0m  [1m[35mBEGIN[0m
  [1m[36mGif Exists (0.4ms)[0m  [1m[34mSELECT  1 AS one FROM "gifs" WHERE "gifs"."title" = $1 LIMIT $2[0m  [["title", ""], ["LIMIT", 1]]
  [1m[35m (0.2ms)[0m  [1m[31mROLLBACK[0m
Completed 422 Unprocessable Entity in 22ms (Views: 0.2ms | ActiveRecord: 0.9ms)


  [1m[36mGif Load (0.6ms)[0m  [1m[34mSELECT "gifs".* FROM "gifs"[0m
Started GET "/" for 127.0.0.1 at 2018-09-26 10:49:20 -0700
Processing by StaticPagesController#root as HTML
  Rendering static_pages/root.html.erb within layouts/application
  Rendered static_pages/root.html.erb within layouts/application (0.7ms)
Completed 200 OK in 125ms (Views: 120.0ms | ActiveRecord: 0.0ms)


Started POST "/gifs" for 127.0.0.1 at 2018-09-26 10:49:32 -0700
Processing by GifsController#create as JSON
  Parameters: {"gif"=>{"title"=>"candle", "url"=>"https://media1.giphy.com/media/12q8UgOJoHa812/giphy.gif"}}
  [1m[35m (0.2ms)[0m  [1m[35mBEGIN[0m
  [1m[36mGif Exists (0.5ms)[0m  [1m[34mSELECT  1 AS one FROM "gifs" WHERE "gifs"."title" = $1 LIMIT $2[0m  [["title", "candle"], ["LIMIT", 1]]
  [1m[35mSQL (0.5ms)[0m  [1m[32mINSERT INTO "gifs" ("title", "url") VALUES ($1, $2) RETURNING "id"[0m  [["title", "candle"], ["url", "https://media1.giphy.com/media/12q8UgOJoHa812/giphy.gif"]]
  [1m[35m (5.8ms)[0m  [1m[35mCOMMIT[0m
Completed 200 OK in 13ms (Views: 0.3ms | ActiveRecord: 7.0ms)


Started GET "/" for 127.0.0.1 at 2018-09-26 10:49:49 -0700
Processing by StaticPagesController#root as HTML
  Rendering static_pages/root.html.erb within layouts/application
  Rendered static_pages/root.html.erb within layouts/application (0.9ms)
Completed 200 OK in 126ms (Views: 123.3ms | ActiveRecord: 0.0ms)


Started GET "/" for 127.0.0.1 at 2018-09-26 10:49:51 -0700
Processing by StaticPagesController#root as HTML
  Rendering static_pages/root.html.erb within layouts/application
  Rendered static_pages/root.html.erb within layouts/application (0.4ms)
Completed 200 OK in 59ms (Views: 56.5ms | ActiveRecord: 0.0ms)


Started POST "/gifs" for 127.0.0.1 at 2018-09-26 10:49:59 -0700
Processing by GifsController#create as JSON
  Parameters: {"gif"=>{"title"=>"sure", "url"=>"https://media3.giphy.com/media/10zVWm19K0JPri/giphy.gif"}}
  [1m[35m (0.2ms)[0m  [1m[35mBEGIN[0m
  [1m[36mGif Exists (0.4ms)[0m  [1m[34mSELECT  1 AS one FROM "gifs" WHERE "gifs"."title" = $1 LIMIT $2[0m  [["title", "sure"], ["LIMIT", 1]]
  [1m[35mSQL (0.4ms)[0m  [1m[32mINSERT INTO "gifs" ("title", "url") VALUES ($1, $2) RETURNING "id"[0m  [["title", "sure"], ["url", "https://media3.giphy.com/media/10zVWm19K0JPri/giphy.gif"]]
  [1m[35m (6.0ms)[0m  [1m[35mCOMMIT[0m
Completed 200 OK in 12ms (Views: 0.5ms | ActiveRecord: 7.0ms)


Started GET "/" for 127.0.0.1 at 2018-09-26 10:54:59 -0700
Processing by StaticPagesController#root as HTML
  Rendering static_pages/root.html.erb within layouts/application
  Rendered static_pages/root.html.erb within layouts/application (0.9ms)
Completed 200 OK in 149ms (Views: 138.5ms | ActiveRecord: 0.0ms)


Started POST "/gifs" for 127.0.0.1 at 2018-09-26 10:55:20 -0700
Processing by GifsController#create as JSON
  Parameters: {"gif"=>{"title"=>"ouch", "url"=>"https://media0.giphy.com/media/10MIBHszodPyz6/giphy.gif"}}
  [1m[35m (0.2ms)[0m  [1m[35mBEGIN[0m
  [1m[36mGif Exists (0.4ms)[0m  [1m[34mSELECT  1 AS one FROM "gifs" WHERE "gifs"."title" = $1 LIMIT $2[0m  [["title", "ouch"], ["LIMIT", 1]]
  [1m[35mSQL (0.4ms)[0m  [1m[32mINSERT INTO "gifs" ("title", "url") VALUES ($1, $2) RETURNING "id"[0m  [["title", "ouch"], ["url", "https://media0.giphy.com/media/10MIBHszodPyz6/giphy.gif"]]
  [1m[35m (6.0ms)[0m  [1m[35mCOMMIT[0m
Completed 200 OK in 11ms (Views: 0.6ms | ActiveRecord: 7.0ms)


Started GET "/gifs/ouch" for 127.0.0.1 at 2018-09-26 10:55:32 -0700
Processing by GifsController#show as JSON
  Parameters: {"title"=>"ouch"}
  [1m[36mGif Load (0.3ms)[0m  [1m[34mSELECT  "gifs".* FROM "gifs" WHERE "gifs"."title" = $1 LIMIT $2[0m  [["title", "ouch"], ["LIMIT", 1]]
Completed 200 OK in 11ms (Views: 0.4ms | ActiveRecord: 0.9ms)


Started GET "/gifs/ouch1" for 127.0.0.1 at 2018-09-26 10:55:49 -0700
Processing by GifsController#show as JSON
  Parameters: {"title"=>"ouch1"}
  [1m[36mGif Load (0.6ms)[0m  [1m[34mSELECT  "gifs".* FROM "gifs" WHERE "gifs"."title" = $1 LIMIT $2[0m  [["title", "ouch1"], ["LIMIT", 1]]
Completed 422 Unprocessable Entity in 3ms (Views: 0.4ms | ActiveRecord: 0.6ms)


Started POST "/gifs" for 127.0.0.1 at 2018-09-26 10:56:31 -0700
Processing by GifsController#create as JSON
  Parameters: {"gif"=>{"title"=>"ouch", "url"=>"https://media0.giphy.com/media/10AWzk9w9mr744/giphy.gif"}}
  [1m[35m (0.1ms)[0m  [1m[35mBEGIN[0m
  [1m[36mGif Exists (0.5ms)[0m  [1m[34mSELECT  1 AS one FROM "gifs" WHERE "gifs"."title" = $1 LIMIT $2[0m  [["title", "ouch"], ["LIMIT", 1]]
  [1m[35m (0.3ms)[0m  [1m[31mROLLBACK[0m
Completed 422 Unprocessable Entity in 6ms (Views: 0.3ms | ActiveRecord: 0.9ms)


